#-----------------------------------------------------------
# Vivado v2020.2 (64-bit)
# SW Build 3064766 on Wed Nov 18 09:12:45 MST 2020
# IP Build 3064653 on Wed Nov 18 14:17:31 MST 2020
# Start of session at: Tue Jul  6 16:20:12 2021
# Process ID: 13780
# Current directory: C:/Users/lipe-/Downloads/mips-main
# Command line: vivado.exe -gui_launcher_event rodinguilauncherevent10860 C:\Users\lipe-\Downloads\mips-main\miTo.xpr
# Log file: C:/Users/lipe-/Downloads/mips-main/vivado.log
# Journal file: C:/Users/lipe-/Downloads/mips-main\vivado.jou
#-----------------------------------------------------------sstart_guiopen_project C:/Users/lipe-/Downloads/mips-main/miTo.xpr
IINFO: [Project 1-313] Project file moved from 'C:/Users/vitor/Documents/UERGS/2021.1/Organização de Computadores/Trabalho/mipsVitorAspirotEFelipeBergamo' since last save.CCRITICAL WARNING: [Project 1-311] Could not find the file 'C:/Users/lipe-/tb-final.wcfg', nor could it be found using path 'C:/Users/vitor/Documents/UERGS/2021.1/Organização de Computadores/tb-final.wcfg'.Scanning sources...
Finished scanning sources
INFO: [IP_Flow 19-234] Refreshing IP repositories
INFO: [IP_Flow 19-1704] No user IP repositories specified
INFO: [IP_Flow 19-2313] Loaded Vivado IP repository 'C:/Xilinx/Vivado/2020.2/data/ip'.
open_project: Time (s): cpu = 00:00:29 ; elapsed = 00:01:12 . Memory (MB): peak = 1010.027 ; gain = 0.000
update_compile_order -fileset sources_1
launch_simulation
Command: launch_simulation 
INFO: [Vivado 12-5682] Launching behavioral simulation in 'C:/Users/lipe-/Downloads/mips-main/miTo.sim/sim_1/behav/xsim'
INFO: [SIM-utils-51] Simulation object is 'sim_1'
INFO: [SIM-utils-54] Inspecting design source files for 'testebench' in fileset 'sim_1'...
INFO: [USF-XSim-97] Finding global include files...
INFO: [USF-XSim-98] Fetching design files from 'sim_1'...
INFO: [USF-XSim-2] XSim::Compile design
INFO: [USF-XSim-61] Executing 'COMPILE and ANALYZE' step in 'C:/Users/lipe-/Downloads/mips-main/miTo.sim/sim_1/behav/xsim'
"xvhdl --incr --relax -prj testebench_vhdl.prj"
INFO: [VRFC 10-163] Analyzing VHDL file "C:/Users/lipe-/Downloads/mips-main/miTo.srcs/sources_1/new/mito_pkg.vhd" into library mito
INFO: [VRFC 10-163] Analyzing VHDL file "C:/Users/lipe-/Downloads/mips-main/miTo.srcs/sources_1/new/control_unit.vhd" into library mito
INFO: [VRFC 10-3107] analyzing entity 'control_unit'
INFO: [VRFC 10-163] Analyzing VHDL file "C:/Users/lipe-/Downloads/mips-main/miTo.srcs/sources_1/new/data_path.vhd" into library mito
INFO: [VRFC 10-3107] analyzing entity 'data_path'
INFO: [VRFC 10-163] Analyzing VHDL file "C:/Users/lipe-/Downloads/mips-main/miTo.srcs/sources_1/new/memory.vhd" into library mito
INFO: [VRFC 10-3107] analyzing entity 'memory'
INFO: [VRFC 10-163] Analyzing VHDL file "C:/Users/lipe-/Downloads/mips-main/miTo.srcs/sources_1/new/miTo.vhd" into library mito
INFO: [VRFC 10-3107] analyzing entity 'miTo'
INFO: [VRFC 10-163] Analyzing VHDL file "C:/Users/lipe-/Downloads/mips-main/miTo.srcs/sim_1/new/testebench.vhd" into library mito
INFO: [VRFC 10-3107] analyzing entity 'testebench'
run_program: Time (s): cpu = 00:00:01 ; elapsed = 00:00:24 . Memory (MB): peak = 1010.027 ; gain = 0.000
INFO: [USF-XSim-69] 'compile' step finished in '24' seconds
INFO: [USF-XSim-3] XSim::Elaborate design
INFO: [USF-XSim-61] Executing 'ELABORATE' step in 'C:/Users/lipe-/Downloads/mips-main/miTo.sim/sim_1/behav/xsim'
"xelab -wto 6b16120a2d824e05bcce677717a8d6fd --incr --debug typical --relax --mt 2 -L mito -L secureip --snapshot testebench_behav mito.testebench -log elaborate.log"
Vivado Simulator 2020.2
Copyright 1986-1999, 2001-2020 Xilinx, Inc. All Rights Reserved.
Running: C:/Xilinx/Vivado/2020.2/bin/unwrapped/win64.o/xelab.exe -wto 6b16120a2d824e05bcce677717a8d6fd --incr --debug typical --relax --mt 2 -L mito -L secureip --snapshot testebench_behav mito.testebench -log elaborate.log 
Using 2 slave threads.
Starting static elaboration
Completed static elaboration
Starting simulation data flow analysis
Completed simulation data flow analysis
Time Resolution for simulation is 1ps
Compiling package std.standard
Compiling package std.textio
Compiling package ieee.std_logic_1164
Compiling package ieee.std_logic_arith
Compiling package ieee.std_logic_unsigned
Compiling package mito.mito_pkg
Compiling package ieee.numeric_std
Compiling architecture rtl of entity mito.control_unit [control_unit_default]
Compiling architecture rtl of entity mito.data_path [data_path_default]
Compiling architecture rtl of entity mito.memory [memory_default]
Compiling architecture rtl of entity mito.miTo [mito_default]
Compiling architecture behavioral of entity mito.testebench
Built simulation snapshot testebench_behav

****** Webtalk v2020.2 (64-bit)
  **** SW Build 3064766 on Wed Nov 18 09:12:45 MST 2020
  **** IP Build 3064653 on Wed Nov 18 14:17:31 MST 2020
    ** Copyright 1986-2020 Xilinx, Inc. All Rights Reserved.

source C:/Users/lipe-/Downloads/mips-main/miTo.sim/sim_1/behav/xsim/xsim.dir/testebench_behav/webtalk/xsim_webtalk.tcl -notrace
INFO: [Common 17-186] 'C:/Users/lipe-/Downloads/mips-main/miTo.sim/sim_1/behav/xsim/xsim.dir/testebench_behav/webtalk/usage_statistics_ext_xsim.xml' has been successfully sent to Xilinx on Tue Jul  6 19:18:08 2021. For additional details about this file, please refer to the WebTalk help file at C:/Xilinx/Vivado/2020.2/doc/webtalk_introduction.html.
webtalk_transmit: Time (s): cpu = 00:00:00 ; elapsed = 00:00:06 . Memory (MB): peak = 81.672 ; gain = 5.898
INFO: [Common 17-206] Exiting Webtalk at Tue Jul  6 19:18:08 2021...
run_program: Time (s): cpu = 00:00:02 ; elapsed = 00:00:47 . Memory (MB): peak = 1010.027 ; gain = 0.000
INFO: [USF-XSim-69] 'elaborate' step finished in '47' seconds
INFO: [USF-XSim-4] XSim::Simulate design
WARNING: [USF-XSim-17] WCFG file does not exist:C:/Users/lipe-/tb-final.wcfg
WARNING: [USF-XSim-17] WCFG file does not exist:C:/Users/lipe-/tb-final.wcfg
INFO: [USF-XSim-61] Executing 'SIMULATE' step in 'C:/Users/lipe-/Downloads/mips-main/miTo.sim/sim_1/behav/xsim'
INFO: [USF-XSim-98] *** Running xsim
   with args "testebench_behav -key {Behavioral:sim_1:Functional:testebench} -tclbatch {testebench.tcl} -view {C:/Users/lipe-/Downloads/mips-main/testebench_behav.wcfg} -log {simulate.log}"
INFO: [USF-XSim-8] Loading simulator feature
Vivado Simulator 2020.2
Time resolution is 1 ps
open_wave_config C:/Users/lipe-/Downloads/mips-main/testebench_behav.wcfg
open_wave_config: Time (s): cpu = 00:00:03 ; elapsed = 00:00:08 . Memory (MB): peak = 1010.027 ; gain = 0.000
source testebench.tcl
# set curr_wave [current_wave_config]
# if { [string length $curr_wave] == 0 } {
#   if { [llength [get_objects]] > 0} {
#     add_wave /
#     set_property needs_save false [current_wave_config]
#   } else {
#      send_msg_id Add_Wave-1 WARNING "No top level signals found. Simulator will start without a wave window. If you want to open a wave window go to 'File->New Waveform Configuration' or type 'create_wave_config' in the TCL console."
#   }
# }
# run 1000ns
xsim: Time (s): cpu = 00:00:07 ; elapsed = 00:00:29 . Memory (MB): peak = 1010.027 ; gain = 0.000
INFO: [USF-XSim-96] XSim completed. Design snapshot 'testebench_behav' loaded.
INFO: [USF-XSim-97] XSim simulation ran for 1000ns
launch_simulation: Time (s): cpu = 00:00:13 ; elapsed = 00:01:56 . Memory (MB): peak = 1010.027 ; gain = 0.000
relaunch_sim
suspend_sim: Time (s): cpu = 00:00:00 ; elapsed = 00:00:09 . Memory (MB): peak = 1010.027 ; gain = 0.000
Command: launch_simulation -simset sim_1 -mode behavioral
INFO: [Vivado 12-5682] Launching behavioral simulation in 'C:/Users/lipe-/Downloads/mips-main/miTo.sim/sim_1/behav/xsim'
INFO: [SIM-utils-51] Simulation object is 'sim_1'
INFO: [SIM-utils-54] Inspecting design source files for 'testebench' in fileset 'sim_1'...
INFO: [USF-XSim-97] Finding global include files...
INFO: [USF-XSim-98] Fetching design files from 'sim_1'...
INFO: [USF-XSim-2] XSim::Compile design
INFO: [USF-XSim-61] Executing 'COMPILE and ANALYZE' step in 'C:/Users/lipe-/Downloads/mips-main/miTo.sim/sim_1/behav/xsim'
"xvhdl --incr --relax -prj testebench_vhdl.prj"
INFO: [VRFC 10-163] Analyzing VHDL file "C:/Users/lipe-/Downloads/mips-main/miTo.srcs/sources_1/new/mito_pkg.vhd" into library mito
INFO: [VRFC 10-163] Analyzing VHDL file "C:/Users/lipe-/Downloads/mips-main/miTo.srcs/sources_1/new/control_unit.vhd" into library mito
INFO: [VRFC 10-3107] analyzing entity 'control_unit'
INFO: [VRFC 10-163] Analyzing VHDL file "C:/Users/lipe-/Downloads/mips-main/miTo.srcs/sources_1/new/data_path.vhd" into library mito
INFO: [VRFC 10-3107] analyzing entity 'data_path'
INFO: [VRFC 10-163] Analyzing VHDL file "C:/Users/lipe-/Downloads/mips-main/miTo.srcs/sources_1/new/memory.vhd" into library mito
INFO: [VRFC 10-3107] analyzing entity 'memory'
INFO: [VRFC 10-163] Analyzing VHDL file "C:/Users/lipe-/Downloads/mips-main/miTo.srcs/sources_1/new/miTo.vhd" into library mito
INFO: [VRFC 10-3107] analyzing entity 'miTo'
ERROR: [VRFC 10-3353] formal port 'addst_en' has no actual or default value [C:/Users/lipe-/Downloads/mips-main/miTo.srcs/sources_1/new/miTo.vhd:65]
ERROR: [VRFC 10-3782] unit 'rtl' ignored due to previous errors [C:/Users/lipe-/Downloads/mips-main/miTo.srcs/sources_1/new/miTo.vhd:20]
INFO: [VRFC 10-3070] VHDL file 'C:/Users/lipe-/Downloads/mips-main/miTo.srcs/sources_1/new/miTo.vhd' ignored due to errors
INFO: [USF-XSim-69] 'compile' step finished in '3' seconds
INFO: [USF-XSim-99] Step results log file:'C:/Users/lipe-/Downloads/mips-main/miTo.sim/sim_1/behav/xsim/xvhdl.log'
ERROR: [USF-XSim-62] 'compile' step failed with error(s). Please check the Tcl console output or 'C:/Users/lipe-/Downloads/mips-main/miTo.sim/sim_1/behav/xsim/xvhdl.log' file for more information.
ERROR: [Vivado 12-4473] Detected error while running simulation. Please correct the issue and retry this operation.
ERROR: [Common 17-39] 'launch_simulation' failed due to earlier errors.
ERROR: [Common 17-69] Command failed: ERROR: [Common 17-39] 'launch_simulation' failed due to earlier errors.

relaunch_sim
Command: launch_simulation -simset sim_1 -mode behavioral
INFO: [Vivado 12-5682] Launching behavioral simulation in 'C:/Users/lipe-/Downloads/mips-main/miTo.sim/sim_1/behav/xsim'
INFO: [SIM-utils-51] Simulation object is 'sim_1'
INFO: [SIM-utils-54] Inspecting design source files for 'testebench' in fileset 'sim_1'...
INFO: [USF-XSim-97] Finding global include files...
INFO: [USF-XSim-98] Fetching design files from 'sim_1'...
INFO: [USF-XSim-2] XSim::Compile design
INFO: [USF-XSim-61] Executing 'COMPILE and ANALYZE' step in 'C:/Users/lipe-/Downloads/mips-main/miTo.sim/sim_1/behav/xsim'
"xvhdl --incr --relax -prj testebench_vhdl.prj"
INFO: [VRFC 10-163] Analyzing VHDL file "C:/Users/lipe-/Downloads/mips-main/miTo.srcs/sources_1/new/mito_pkg.vhd" into library mito
INFO: [VRFC 10-163] Analyzing VHDL file "C:/Users/lipe-/Downloads/mips-main/miTo.srcs/sources_1/new/control_unit.vhd" into library mito
INFO: [VRFC 10-3107] analyzing entity 'control_unit'
INFO: [VRFC 10-163] Analyzing VHDL file "C:/Users/lipe-/Downloads/mips-main/miTo.srcs/sources_1/new/data_path.vhd" into library mito
INFO: [VRFC 10-3107] analyzing entity 'data_path'
INFO: [VRFC 10-163] Analyzing VHDL file "C:/Users/lipe-/Downloads/mips-main/miTo.srcs/sources_1/new/memory.vhd" into library mito
INFO: [VRFC 10-3107] analyzing entity 'memory'
INFO: [VRFC 10-163] Analyzing VHDL file "C:/Users/lipe-/Downloads/mips-main/miTo.srcs/sources_1/new/miTo.vhd" into library mito
INFO: [VRFC 10-3107] analyzing entity 'miTo'
ERROR: [VRFC 10-3353] formal port 'addst_en' has no actual or default value [C:/Users/lipe-/Downloads/mips-main/miTo.srcs/sources_1/new/miTo.vhd:65]
ERROR: [VRFC 10-3782] unit 'rtl' ignored due to previous errors [C:/Users/lipe-/Downloads/mips-main/miTo.srcs/sources_1/new/miTo.vhd:20]
INFO: [VRFC 10-3070] VHDL file 'C:/Users/lipe-/Downloads/mips-main/miTo.srcs/sources_1/new/miTo.vhd' ignored due to errors
INFO: [USF-XSim-69] 'compile' step finished in '3' seconds
INFO: [USF-XSim-99] Step results log file:'C:/Users/lipe-/Downloads/mips-main/miTo.sim/sim_1/behav/xsim/xvhdl.log'
ERROR: [USF-XSim-62] 'compile' step failed with error(s). Please check the Tcl console output or 'C:/Users/lipe-/Downloads/mips-main/miTo.sim/sim_1/behav/xsim/xvhdl.log' file for more information.
ERROR: [Vivado 12-4473] Detected error while running simulation. Please correct the issue and retry this operation.
ERROR: [Common 17-39] 'launch_simulation' failed due to earlier errors.
ERROR: [Common 17-69] Command failed: ERROR: [Common 17-39] 'launch_simulation' failed due to earlier errors.

relaunch_sim
Command: launch_simulation -simset sim_1 -mode behavioral
INFO: [Vivado 12-5682] Launching behavioral simulation in 'C:/Users/lipe-/Downloads/mips-main/miTo.sim/sim_1/behav/xsim'
INFO: [SIM-utils-51] Simulation object is 'sim_1'
INFO: [SIM-utils-54] Inspecting design source files for 'testebench' in fileset 'sim_1'...
INFO: [USF-XSim-97] Finding global include files...
INFO: [USF-XSim-98] Fetching design files from 'sim_1'...
INFO: [USF-XSim-2] XSim::Compile design
INFO: [USF-XSim-61] Executing 'COMPILE and ANALYZE' step in 'C:/Users/lipe-/Downloads/mips-main/miTo.sim/sim_1/behav/xsim'
"xvhdl --incr --relax -prj testebench_vhdl.prj"
INFO: [VRFC 10-163] Analyzing VHDL file "C:/Users/lipe-/Downloads/mips-main/miTo.srcs/sources_1/new/mito_pkg.vhd" into library mito
INFO: [VRFC 10-163] Analyzing VHDL file "C:/Users/lipe-/Downloads/mips-main/miTo.srcs/sources_1/new/control_unit.vhd" into library mito
INFO: [VRFC 10-3107] analyzing entity 'control_unit'
INFO: [VRFC 10-163] Analyzing VHDL file "C:/Users/lipe-/Downloads/mips-main/miTo.srcs/sources_1/new/data_path.vhd" into library mito
INFO: [VRFC 10-3107] analyzing entity 'data_path'
INFO: [VRFC 10-163] Analyzing VHDL file "C:/Users/lipe-/Downloads/mips-main/miTo.srcs/sources_1/new/memory.vhd" into library mito
INFO: [VRFC 10-3107] analyzing entity 'memory'
INFO: [VRFC 10-163] Analyzing VHDL file "C:/Users/lipe-/Downloads/mips-main/miTo.srcs/sources_1/new/miTo.vhd" into library mito
INFO: [VRFC 10-3107] analyzing entity 'miTo'
INFO: [VRFC 10-163] Analyzing VHDL file "C:/Users/lipe-/Downloads/mips-main/miTo.srcs/sim_1/new/testebench.vhd" into library mito
INFO: [VRFC 10-3107] analyzing entity 'testebench'
INFO: [USF-XSim-69] 'compile' step finished in '3' seconds
Command: launch_simulation -simset sim_1 -mode behavioral
INFO: [Vivado 12-5682] Launching behavioral simulation in 'C:/Users/lipe-/Downloads/mips-main/miTo.sim/sim_1/behav/xsim'
INFO: [USF-XSim-3] XSim::Elaborate design
INFO: [USF-XSim-61] Executing 'ELABORATE' step in 'C:/Users/lipe-/Downloads/mips-main/miTo.sim/sim_1/behav/xsim'
"xelab -wto 6b16120a2d824e05bcce677717a8d6fd --incr --debug typical --relax --mt 2 -L mito -L secureip --snapshot testebench_behav mito.testebench -log elaborate.log"
Vivado Simulator 2020.2
Copyright 1986-1999, 2001-2020 Xilinx, Inc. All Rights Reserved.
Running: C:/Xilinx/Vivado/2020.2/bin/unwrapped/win64.o/xelab.exe -wto 6b16120a2d824e05bcce677717a8d6fd --incr --debug typical --relax --mt 2 -L mito -L secureip --snapshot testebench_behav mito.testebench -log elaborate.log 
Using 2 slave threads.
Starting static elaboration
Completed static elaboration
Starting simulation data flow analysis
Completed simulation data flow analysis
Time Resolution for simulation is 1ps
Compiling package std.standard
Compiling package std.textio
Compiling package ieee.std_logic_1164
Compiling package ieee.std_logic_arith
Compiling package ieee.std_logic_unsigned
Compiling package mito.mito_pkg
Compiling package ieee.numeric_std
Compiling architecture rtl of entity mito.control_unit [control_unit_default]
Compiling architecture rtl of entity mito.data_path [data_path_default]
Compiling architecture rtl of entity mito.memory [memory_default]
Compiling architecture rtl of entity mito.miTo [mito_default]
Compiling architecture behavioral of entity mito.testebench
Built simulation snapshot testebench_behav
run_program: Time (s): cpu = 00:00:00 ; elapsed = 00:00:09 . Memory (MB): peak = 1010.027 ; gain = 0.000
INFO: [USF-XSim-69] 'elaborate' step finished in '9' seconds
launch_simulation: Time (s): cpu = 00:00:00 ; elapsed = 00:00:09 . Memory (MB): peak = 1010.027 ; gain = 0.000
Vivado Simulator 2020.2
Time resolution is 1 ps
relaunch_sim: Time (s): cpu = 00:00:01 ; elapsed = 00:00:14 . Memory (MB): peak = 1010.027 ; gain = 0.000
relaunch_sim
Command: launch_simulation -simset sim_1 -mode behavioral
INFO: [Vivado 12-5682] Launching behavioral simulation in 'C:/Users/lipe-/Downloads/mips-main/miTo.sim/sim_1/behav/xsim'
INFO: [SIM-utils-51] Simulation object is 'sim_1'
INFO: [SIM-utils-54] Inspecting design source files for 'testebench' in fileset 'sim_1'...
INFO: [USF-XSim-97] Finding global include files...
INFO: [USF-XSim-98] Fetching design files from 'sim_1'...
INFO: [USF-XSim-2] XSim::Compile design
INFO: [USF-XSim-61] Executing 'COMPILE and ANALYZE' step in 'C:/Users/lipe-/Downloads/mips-main/miTo.sim/sim_1/behav/xsim'
"xvhdl --incr --relax -prj testebench_vhdl.prj"
INFO: [VRFC 10-163] Analyzing VHDL file "C:/Users/lipe-/Downloads/mips-main/miTo.srcs/sources_1/new/control_unit.vhd" into library mito
INFO: [VRFC 10-3107] analyzing entity 'control_unit'
INFO: [VRFC 10-163] Analyzing VHDL file "C:/Users/lipe-/Downloads/mips-main/miTo.srcs/sources_1/new/data_path.vhd" into library mito
INFO: [VRFC 10-3107] analyzing entity 'data_path'
INFO: [VRFC 10-163] Analyzing VHDL file "C:/Users/lipe-/Downloads/mips-main/miTo.srcs/sources_1/new/memory.vhd" into library mito
INFO: [VRFC 10-3107] analyzing entity 'memory'
INFO: [VRFC 10-163] Analyzing VHDL file "C:/Users/lipe-/Downloads/mips-main/miTo.srcs/sources_1/new/miTo.vhd" into library mito
INFO: [VRFC 10-3107] analyzing entity 'miTo'
INFO: [USF-XSim-69] 'compile' step finished in '3' seconds
launch_simulation: Time (s): cpu = 00:00:01 ; elapsed = 00:00:05 . Memory (MB): peak = 1010.027 ; gain = 0.000
Command: launch_simulation -simset sim_1 -mode behavioral
INFO: [Vivado 12-5682] Launching behavioral simulation in 'C:/Users/lipe-/Downloads/mips-main/miTo.sim/sim_1/behav/xsim'
INFO: [USF-XSim-3] XSim::Elaborate design
INFO: [USF-XSim-61] Executing 'ELABORATE' step in 'C:/Users/lipe-/Downloads/mips-main/miTo.sim/sim_1/behav/xsim'
"xelab -wto 6b16120a2d824e05bcce677717a8d6fd --incr --debug typical --relax --mt 2 -L mito -L secureip --snapshot testebench_behav mito.testebench -log elaborate.log"
Vivado Simulator 2020.2
Copyright 1986-1999, 2001-2020 Xilinx, Inc. All Rights Reserved.
Running: C:/Xilinx/Vivado/2020.2/bin/unwrapped/win64.o/xelab.exe -wto 6b16120a2d824e05bcce677717a8d6fd --incr --debug typical --relax --mt 2 -L mito -L secureip --snapshot testebench_behav mito.testebench -log elaborate.log 
Using 2 slave threads.
Starting static elaboration
Completed static elaboration
Starting simulation data flow analysis
Completed simulation data flow analysis
Time Resolution for simulation is 1ps
Compiling package std.standard
Compiling package std.textio
Compiling package ieee.std_logic_1164
Compiling package ieee.std_logic_arith
Compiling package ieee.std_logic_unsigned
Compiling package mito.mito_pkg
Compiling package ieee.numeric_std
Compiling architecture rtl of entity mito.control_unit [control_unit_default]
Compiling architecture rtl of entity mito.data_path [data_path_default]
Compiling architecture rtl of entity mito.memory [memory_default]
Compiling architecture rtl of entity mito.miTo [mito_default]
Compiling architecture behavioral of entity mito.testebench
Built simulation snapshot testebench_behav
run_program: Time (s): cpu = 00:00:00 ; elapsed = 00:00:09 . Memory (MB): peak = 1010.027 ; gain = 0.000
INFO: [USF-XSim-69] 'elaborate' step finished in '10' seconds
launch_simulation: Time (s): cpu = 00:00:00 ; elapsed = 00:00:09 . Memory (MB): peak = 1010.027 ; gain = 0.000
Vivado Simulator 2020.2
Time resolution is 1 ps
relaunch_sim: Time (s): cpu = 00:00:03 ; elapsed = 00:00:19 . Memory (MB): peak = 1010.027 ; gain = 0.000
relaunch_sim
Command: launch_simulation -simset sim_1 -mode behavioral
INFO: [Vivado 12-5682] Launching behavioral simulation in 'C:/Users/lipe-/Downloads/mips-main/miTo.sim/sim_1/behav/xsim'
INFO: [SIM-utils-51] Simulation object is 'sim_1'
INFO: [SIM-utils-54] Inspecting design source files for 'testebench' in fileset 'sim_1'...
INFO: [USF-XSim-97] Finding global include files...
INFO: [USF-XSim-98] Fetching design files from 'sim_1'...
INFO: [USF-XSim-2] XSim::Compile design
INFO: [USF-XSim-61] Executing 'COMPILE and ANALYZE' step in 'C:/Users/lipe-/Downloads/mips-main/miTo.sim/sim_1/behav/xsim'
"xvhdl --incr --relax -prj testebench_vhdl.prj"
INFO: [USF-XSim-69] 'compile' step finished in '2' seconds
Command: launch_simulation -simset sim_1 -mode behavioral
INFO: [Vivado 12-5682] Launching behavioral simulation in 'C:/Users/lipe-/Downloads/mips-main/miTo.sim/sim_1/behav/xsim'
INFO: [USF-XSim-3] XSim::Elaborate design
INFO: [USF-XSim-61] Executing 'ELABORATE' step in 'C:/Users/lipe-/Downloads/mips-main/miTo.sim/sim_1/behav/xsim'
"xelab -wto 6b16120a2d824e05bcce677717a8d6fd --incr --debug typical --relax --mt 2 -L mito -L secureip --snapshot testebench_behav mito.testebench -log elaborate.log"
Vivado Simulator 2020.2
Copyright 1986-1999, 2001-2020 Xilinx, Inc. All Rights Reserved.
Running: C:/Xilinx/Vivado/2020.2/bin/unwrapped/win64.o/xelab.exe -wto 6b16120a2d824e05bcce677717a8d6fd --incr --debug typical --relax --mt 2 -L mito -L secureip --snapshot testebench_behav mito.testebench -log elaborate.log 
Using 2 slave threads.
Starting static elaboration
Completed static elaboration
INFO: [XSIM 43-4323] No Change in HDL. Linking previously generated obj files to create kernel
run_program: Time (s): cpu = 00:00:01 ; elapsed = 00:00:09 . Memory (MB): peak = 1010.027 ; gain = 0.000
INFO: [USF-XSim-69] 'elaborate' step finished in '9' seconds
launch_simulation: Time (s): cpu = 00:00:01 ; elapsed = 00:00:09 . Memory (MB): peak = 1010.027 ; gain = 0.000
Vivado Simulator 2020.2
Time resolution is 1 ps
relaunch_sim: Time (s): cpu = 00:00:02 ; elapsed = 00:00:16 . Memory (MB): peak = 1010.027 ; gain = 0.000
close_sim
INFO: [Simtcl 6-16] Simulation closed
exit
INFO: [Common 17-206] Exiting Vivado at Tue Jul  6 20:29:26 2021...
