#-----------------------------------------------------------
# Vivado v2020.2 (64-bit)
# SW Build 3064766 on Wed Nov 18 09:12:45 MST 2020
# IP Build 3064653 on Wed Nov 18 14:17:31 MST 2020
# Start of session at: Tue Aug 24 16:16:36 2021
# Process ID: 6232
# Current directory: C:/Users/vitor/Documents/UERGS/2021.1/Organização de Computadores/Trabalho/mips-main
# Command line: vivado.exe -gui_launcher_event rodinguilauncherevent6936 C:\Users\vitor\Documents\UERGS\2021.1\Organização de Computadores\Trabalho\mips-main\miTo.xpr
# Log file: C:/Users/vitor/Documents/UERGS/2021.1/Organização de Computadores/Trabalho/mips-main/vivado.log
# Journal file: C:/Users/vitor/Documents/UERGS/2021.1/Organização de Computadores/Trabalho/mips-main\vivado.jou
#-----------------------------------------------------------
start_gui
open_project {C:/Users/vitor/Documents/UERGS/2021.1/Organização de Computadores/Trabalho/mips-main/miTo.xpr}
INFO: [ProjectBase 1-489] The host OS only allows 260 characters in a normal path. The project is stored in a path with more than 80 characters. If you experience issues with IP, Block Designs, or files not being found, please consider moving the project to a location with a shorter path. Alternately consider using the OS subst command to map part of the path to a drive letter.
Current project path is 'C:/Users/vitor/Documents/UERGS/2021.1/Organização de Computadores/Trabalho/mips-main'
CRITICAL WARNING: [Project 1-19] Could not find the file 'C:/Users/vitor/Documents/UERGS/2021.1/Organização de Computadores/tb-final.wcfg'.
Scanning sources...
Finished scanning sources
INFO: [IP_Flow 19-234] Refreshing IP repositories
INFO: [IP_Flow 19-1704] No user IP repositories specified
INFO: [IP_Flow 19-2313] Loaded Vivado IP repository 'C:/Xilinx/Vivado/2020.2/data/ip'.
open_project: Time (s): cpu = 00:00:20 ; elapsed = 00:00:32 . Memory (MB): peak = 980.207 ; gain = 0.000
update_compile_order -fileset sources_1
launch_simulation
Command: launch_simulation 
INFO: [Vivado 12-5682] Launching behavioral simulation in 'C:/Users/vitor/Documents/UERGS/2021.1/Organização de Computadores/Trabalho/mips-main/miTo.sim/sim_1/behav/xsim'
INFO: [SIM-utils-51] Simulation object is 'sim_1'
INFO: [SIM-utils-54] Inspecting design source files for 'testebench' in fileset 'sim_1'...
INFO: [USF-XSim-97] Finding global include files...
INFO: [USF-XSim-98] Fetching design files from 'sim_1'...
INFO: [USF-XSim-2] XSim::Compile design
INFO: [USF-XSim-61] Executing 'COMPILE and ANALYZE' step in 'C:/Users/vitor/Documents/UERGS/2021.1/Organização de Computadores/Trabalho/mips-main/miTo.sim/sim_1/behav/xsim'
"xvhdl --incr --relax -prj testebench_vhdl.prj"
INFO: [USF-XSim-69] 'compile' step finished in '4' seconds
INFO: [USF-XSim-3] XSim::Elaborate design
INFO: [USF-XSim-61] Executing 'ELABORATE' step in 'C:/Users/vitor/Documents/UERGS/2021.1/Organização de Computadores/Trabalho/mips-main/miTo.sim/sim_1/behav/xsim'
"xelab -wto 6b16120a2d824e05bcce677717a8d6fd --incr --debug typical --relax --mt 2 -L mito -L secureip --snapshot testebench_behav mito.testebench -log elaborate.log"
Vivado Simulator 2020.2
Copyright 1986-1999, 2001-2020 Xilinx, Inc. All Rights Reserved.
Running: C:/Xilinx/Vivado/2020.2/bin/unwrapped/win64.o/xelab.exe -wto 6b16120a2d824e05bcce677717a8d6fd --incr --debug typical --relax --mt 2 -L mito -L secureip --snapshot testebench_behav mito.testebench -log elaborate.log 
Using 2 slave threads.
Starting static elaboration
Completed static elaboration
INFO: [XSIM 43-4323] No Change in HDL. Linking previously generated obj files to create kernel
run_program: Time (s): cpu = 00:00:00 ; elapsed = 00:00:06 . Memory (MB): peak = 993.652 ; gain = 0.000
INFO: [USF-XSim-69] 'elaborate' step finished in '6' seconds
INFO: [USF-XSim-4] XSim::Simulate design
WARNING: [USF-XSim-17] WCFG file does not exist:C:/Users/vitor/Documents/UERGS/2021.1/Organização de Computadores/tb-final.wcfg
WARNING: [USF-XSim-17] WCFG file does not exist:C:/Users/vitor/Documents/UERGS/2021.1/Organização de Computadores/tb-final.wcfg
INFO: [USF-XSim-61] Executing 'SIMULATE' step in 'C:/Users/vitor/Documents/UERGS/2021.1/Organização de Computadores/Trabalho/mips-main/miTo.sim/sim_1/behav/xsim'
INFO: [USF-XSim-98] *** Running xsim
   with args "testebench_behav -key {Behavioral:sim_1:Functional:testebench} -tclbatch {testebench.tcl} -view {{C:/Users/vitor/Documents/UERGS/2021.1/Organização de Computadores/Trabalho/mips-main/testebench_behav.wcfg}} -log {simulate.log}"
INFO: [USF-XSim-8] Loading simulator feature
Vivado Simulator 2020.2
Time resolution is 1 ps
open_wave_config {C:/Users/vitor/Documents/UERGS/2021.1/Organização de Computadores/Trabalho/mips-main/testebench_behav.wcfg}
source testebench.tcl
# set curr_wave [current_wave_config]
# if { [string length $curr_wave] == 0 } {
#   if { [llength [get_objects]] > 0} {
#     add_wave /
#     set_property needs_save false [current_wave_config]
#   } else {
#      send_msg_id Add_Wave-1 WARNING "No top level signals found. Simulator will start without a wave window. If you want to open a wave window go to 'File->New Waveform Configuration' or type 'create_wave_config' in the TCL console."
#   }
# }
# run 1000ns
xsim: Time (s): cpu = 00:00:12 ; elapsed = 00:00:08 . Memory (MB): peak = 1017.219 ; gain = 23.566
INFO: [USF-XSim-96] XSim completed. Design snapshot 'testebench_behav' loaded.
INFO: [USF-XSim-97] XSim simulation ran for 1000ns
launch_simulation: Time (s): cpu = 00:00:15 ; elapsed = 00:00:19 . Memory (MB): peak = 1017.219 ; gain = 23.566
run all
run: Time (s): cpu = 00:00:01 ; elapsed = 00:00:05 . Memory (MB): peak = 1330.109 ; gain = 0.000
relaunch_sim
Command: launch_simulation -simset sim_1 -mode behavioral
INFO: [Vivado 12-5682] Launching behavioral simulation in 'C:/Users/vitor/Documents/UERGS/2021.1/Organização de Computadores/Trabalho/mips-main/miTo.sim/sim_1/behav/xsim'
INFO: [SIM-utils-51] Simulation object is 'sim_1'
INFO: [SIM-utils-54] Inspecting design source files for 'testebench' in fileset 'sim_1'...
INFO: [USF-XSim-97] Finding global include files...
INFO: [USF-XSim-98] Fetching design files from 'sim_1'...
INFO: [USF-XSim-2] XSim::Compile design
INFO: [USF-XSim-61] Executing 'COMPILE and ANALYZE' step in 'C:/Users/vitor/Documents/UERGS/2021.1/Organização de Computadores/Trabalho/mips-main/miTo.sim/sim_1/behav/xsim'
"xvhdl --incr --relax -prj testebench_vhdl.prj"
INFO: [VRFC 10-163] Analyzing VHDL file "C:/Users/vitor/Documents/UERGS/2021.1/Organização de Computadores/Trabalho/mips-main/miTo.srcs/sources_1/new/memory.vhd" into library mito
INFO: [VRFC 10-3107] analyzing entity 'memory'
INFO: [USF-XSim-69] 'compile' step finished in '2' seconds
Command: launch_simulation -simset sim_1 -mode behavioral
INFO: [Vivado 12-5682] Launching behavioral simulation in 'C:/Users/vitor/Documents/UERGS/2021.1/Organização de Computadores/Trabalho/mips-main/miTo.sim/sim_1/behav/xsim'
INFO: [USF-XSim-3] XSim::Elaborate design
INFO: [USF-XSim-61] Executing 'ELABORATE' step in 'C:/Users/vitor/Documents/UERGS/2021.1/Organização de Computadores/Trabalho/mips-main/miTo.sim/sim_1/behav/xsim'
"xelab -wto 6b16120a2d824e05bcce677717a8d6fd --incr --debug typical --relax --mt 2 -L mito -L secureip --snapshot testebench_behav mito.testebench -log elaborate.log"
Vivado Simulator 2020.2
Copyright 1986-1999, 2001-2020 Xilinx, Inc. All Rights Reserved.
Running: C:/Xilinx/Vivado/2020.2/bin/unwrapped/win64.o/xelab.exe -wto 6b16120a2d824e05bcce677717a8d6fd --incr --debug typical --relax --mt 2 -L mito -L secureip --snapshot testebench_behav mito.testebench -log elaborate.log 
Using 2 slave threads.
Starting static elaboration
Completed static elaboration
Starting simulation data flow analysis
Completed simulation data flow analysis
Time Resolution for simulation is 1ps
Compiling package std.standard
Compiling package std.textio
Compiling package ieee.std_logic_1164
Compiling package ieee.std_logic_arith
Compiling package ieee.std_logic_unsigned
Compiling package mito.mito_pkg
Compiling package ieee.numeric_std
Compiling architecture rtl of entity mito.control_unit [control_unit_default]
Compiling architecture rtl of entity mito.data_path [data_path_default]
Compiling architecture rtl of entity mito.memory [memory_default]
Compiling architecture rtl of entity mito.miTo [mito_default]
Compiling architecture behavioral of entity mito.testebench
Built simulation snapshot testebench_behav

****** Webtalk v2020.2 (64-bit)
  **** SW Build 3064766 on Wed Nov 18 09:12:45 MST 2020
  **** IP Build 3064653 on Wed Nov 18 14:17:31 MST 2020
    ** Copyright 1986-2020 Xilinx, Inc. All Rights Reserved.

source C:/Users/vitor/Documents/UERGS/2021.1/Organização -notrace
couldn't read file "C:/Users/vitor/Documents/UERGS/2021.1/Organização": no such file or directory
INFO: [Common 17-206] Exiting Webtalk at Tue Aug 24 16:27:33 2021...
run_program: Time (s): cpu = 00:00:00 ; elapsed = 00:00:10 . Memory (MB): peak = 1330.109 ; gain = 0.000
INFO: [USF-XSim-69] 'elaborate' step finished in '11' seconds
launch_simulation: Time (s): cpu = 00:00:00 ; elapsed = 00:00:11 . Memory (MB): peak = 1330.109 ; gain = 0.000
Vivado Simulator 2020.2
Time resolution is 1 ps
relaunch_sim: Time (s): cpu = 00:00:02 ; elapsed = 00:00:22 . Memory (MB): peak = 1330.109 ; gain = 0.000
save_wave_config {C:/Users/vitor/Documents/UERGS/2021.1/Organização de Computadores/Trabalho/mips-main/testebench_behav.wcfg}
close_sim
INFO: [Simtcl 6-16] Simulation closed
exit
INFO: [Common 17-206] Exiting Vivado at Tue Aug 24 18:12:55 2021...
