
*** Running vivado
    with args -log miTo.vds -m64 -product Vivado -mode batch -messageDb vivado.pb -notrace -source miTo.tcl



****** Vivado v2020.2 (64-bit)
  **** SW Build 3064766 on Wed Nov 18 09:12:45 MST 2020
  **** IP Build 3064653 on Wed Nov 18 14:17:31 MST 2020
    ** Copyright 1986-2020 Xilinx, Inc. All Rights Reserved.

source miTo.tcl -notrace
Command: synth_design -top miTo -part xc7k70tfbv676-1
Starting synth_design
Attempting to get a license for feature 'Synthesis' and/or device 'xc7k70t'
INFO: [Common 17-349] Got license for feature 'Synthesis' and/or device 'xc7k70t'
INFO: [Synth 8-7079] Multithreading enabled for synth_design using a maximum of 2 processes.
INFO: [Synth 8-7078] Launching helper process for spawning children vivado processes
INFO: [Synth 8-7075] Helper process launched with PID 8996
---------------------------------------------------------------------------------
Starting Synthesize : Time (s): cpu = 00:00:06 ; elapsed = 00:00:07 . Memory (MB): peak = 1082.816 ; gain = 0.000
---------------------------------------------------------------------------------
INFO: [Synth 8-638] synthesizing module 'miTo' [C:/Users/vitor/Documents/UERGS/2021.1/Organização de Computadores/Trabalho/mips-main/miTo.srcs/sources_1/new/miTo.vhd:20]
INFO: [Synth 8-3491] module 'control_unit' declared at 'C:/Users/vitor/Documents/UERGS/2021.1/Organização de Computadores/Trabalho/mips-main/miTo.srcs/sources_1/new/control_unit.vhd:8' bound to instance 'control_unit_i' of component 'control_unit' [C:/Users/vitor/Documents/UERGS/2021.1/Organização de Computadores/Trabalho/mips-main/miTo.srcs/sources_1/new/miTo.vhd:44]
INFO: [Synth 8-638] synthesizing module 'control_unit' [C:/Users/vitor/Documents/UERGS/2021.1/Organização de Computadores/Trabalho/mips-main/miTo.srcs/sources_1/new/control_unit.vhd:32]
INFO: [Synth 8-256] done synthesizing module 'control_unit' (1#1) [C:/Users/vitor/Documents/UERGS/2021.1/Organização de Computadores/Trabalho/mips-main/miTo.srcs/sources_1/new/control_unit.vhd:32]
INFO: [Synth 8-3491] module 'data_path' declared at 'C:/Users/vitor/Documents/UERGS/2021.1/Organização de Computadores/Trabalho/mips-main/miTo.srcs/sources_1/new/data_path.vhd:13' bound to instance 'data_path_i' of component 'data_path' [C:/Users/vitor/Documents/UERGS/2021.1/Organização de Computadores/Trabalho/mips-main/miTo.srcs/sources_1/new/miTo.vhd:67]
INFO: [Synth 8-638] synthesizing module 'data_path' [C:/Users/vitor/Documents/UERGS/2021.1/Organização de Computadores/Trabalho/mips-main/miTo.srcs/sources_1/new/data_path.vhd:41]
WARNING: [Synth 8-614] signal 'rst' is read in the process but is not in the sensitivity list [C:/Users/vitor/Documents/UERGS/2021.1/Organização de Computadores/Trabalho/mips-main/miTo.srcs/sources_1/new/data_path.vhd:83]
WARNING: [Synth 8-614] signal 'rst' is read in the process but is not in the sensitivity list [C:/Users/vitor/Documents/UERGS/2021.1/Organização de Computadores/Trabalho/mips-main/miTo.srcs/sources_1/new/data_path.vhd:100]
WARNING: [Synth 8-614] signal 'rst' is read in the process but is not in the sensitivity list [C:/Users/vitor/Documents/UERGS/2021.1/Organização de Computadores/Trabalho/mips-main/miTo.srcs/sources_1/new/data_path.vhd:128]
WARNING: [Synth 8-614] signal 'rst' is read in the process but is not in the sensitivity list [C:/Users/vitor/Documents/UERGS/2021.1/Organização de Computadores/Trabalho/mips-main/miTo.srcs/sources_1/new/data_path.vhd:140]
WARNING: [Synth 8-614] signal 'rst' is read in the process but is not in the sensitivity list [C:/Users/vitor/Documents/UERGS/2021.1/Organização de Computadores/Trabalho/mips-main/miTo.srcs/sources_1/new/data_path.vhd:154]
WARNING: [Synth 8-614] signal 'rst' is read in the process but is not in the sensitivity list [C:/Users/vitor/Documents/UERGS/2021.1/Organização de Computadores/Trabalho/mips-main/miTo.srcs/sources_1/new/data_path.vhd:166]
WARNING: [Synth 8-614] signal 'rst' is read in the process but is not in the sensitivity list [C:/Users/vitor/Documents/UERGS/2021.1/Organização de Computadores/Trabalho/mips-main/miTo.srcs/sources_1/new/data_path.vhd:229]
WARNING: [Synth 8-614] signal 'rst' is read in the process but is not in the sensitivity list [C:/Users/vitor/Documents/UERGS/2021.1/Organização de Computadores/Trabalho/mips-main/miTo.srcs/sources_1/new/data_path.vhd:243]
WARNING: [Synth 8-614] signal 'rst' is read in the process but is not in the sensitivity list [C:/Users/vitor/Documents/UERGS/2021.1/Organização de Computadores/Trabalho/mips-main/miTo.srcs/sources_1/new/data_path.vhd:264]
INFO: [Synth 8-256] done synthesizing module 'data_path' (2#1) [C:/Users/vitor/Documents/UERGS/2021.1/Organização de Computadores/Trabalho/mips-main/miTo.srcs/sources_1/new/data_path.vhd:41]
INFO: [Synth 8-3491] module 'memory' declared at 'C:/Users/vitor/Documents/UERGS/2021.1/Organização de Computadores/Trabalho/mips-main/miTo.srcs/sources_1/new/memory.vhd:14' bound to instance 'memory_i' of component 'memory' [C:/Users/vitor/Documents/UERGS/2021.1/Organização de Computadores/Trabalho/mips-main/miTo.srcs/sources_1/new/miTo.vhd:92]
INFO: [Synth 8-638] synthesizing module 'memory' [C:/Users/vitor/Documents/UERGS/2021.1/Organização de Computadores/Trabalho/mips-main/miTo.srcs/sources_1/new/memory.vhd:26]
WARNING: [Synth 8-614] signal 'rst' is read in the process but is not in the sensitivity list [C:/Users/vitor/Documents/UERGS/2021.1/Organização de Computadores/Trabalho/mips-main/miTo.srcs/sources_1/new/memory.vhd:35]
WARNING: [Synth 8-614] signal 'escrita' is read in the process but is not in the sensitivity list [C:/Users/vitor/Documents/UERGS/2021.1/Organização de Computadores/Trabalho/mips-main/miTo.srcs/sources_1/new/memory.vhd:35]
WARNING: [Synth 8-614] signal 'mem' is read in the process but is not in the sensitivity list [C:/Users/vitor/Documents/UERGS/2021.1/Organização de Computadores/Trabalho/mips-main/miTo.srcs/sources_1/new/memory.vhd:35]
WARNING: [Synth 8-614] signal 'endereco_memoria' is read in the process but is not in the sensitivity list [C:/Users/vitor/Documents/UERGS/2021.1/Organização de Computadores/Trabalho/mips-main/miTo.srcs/sources_1/new/memory.vhd:35]
WARNING: [Synth 8-614] signal 'entrada_memoria' is read in the process but is not in the sensitivity list [C:/Users/vitor/Documents/UERGS/2021.1/Organização de Computadores/Trabalho/mips-main/miTo.srcs/sources_1/new/memory.vhd:35]
INFO: [Synth 8-256] done synthesizing module 'memory' (3#1) [C:/Users/vitor/Documents/UERGS/2021.1/Organização de Computadores/Trabalho/mips-main/miTo.srcs/sources_1/new/memory.vhd:26]
INFO: [Synth 8-256] done synthesizing module 'miTo' (4#1) [C:/Users/vitor/Documents/UERGS/2021.1/Organização de Computadores/Trabalho/mips-main/miTo.srcs/sources_1/new/miTo.vhd:20]
TclStackFree: incorrect freePtr. Call out of sequence?
